0 verbose cli /usr/local/bin/node /usr/local/bin/npm
1 info using npm@10.9.2
2 info using node@v22.16.0
3 silly config load:file:/usr/local/lib/node_modules/npm/npmrc
4 silly config load:file:/Users/zhurong9/Documents/vibecoding-rosa/.npmrc
5 silly config load:file:/Users/zhurong9/.npmrc
6 silly config load:file:/usr/local/etc/npmrc
7 verbose title npm create vite@latest vibe-poster --template react-ts
8 verbose argv "--cache" ".npm-local-cache" "create" "vite@latest" "vibe-poster" "--" "--template" "react-ts"
9 verbose logfile logs-max:10 dir:/Users/zhurong9/Documents/vibecoding-rosa/.npm-local-cache/_logs/2026-04-28T02_56_47_425Z-
10 verbose logfile /Users/zhurong9/Documents/vibecoding-rosa/.npm-local-cache/_logs/2026-04-28T02_56_47_425Z-debug-0.log
11 silly logfile done cleaning log files
12 silly packumentCache heap:4345298944 maxSize:1086324736 maxEntrySize:543162368
13 http fetch GET 200 https://registry.npmjs.org/create-vite 817ms (cache miss)
14 silly packumentCache heap:4345298944 maxSize:1086324736 maxEntrySize:543162368
15 silly idealTree buildDeps
16 silly fetch manifest create-vite@9.0.6
17 silly packumentCache full:https://registry.npmjs.org/create-vite cache-miss
18 http fetch GET 200 https://registry.npmjs.org/create-vite 260ms (cache miss)
19 silly packumentCache full:https://registry.npmjs.org/create-vite set size:undefined disposed:false
20 silly placeDep ROOT create-vite@9.0.6 OK for:  want: 9.0.6
21 silly reify moves {}
22 silly audit bulk request { 'create-vite': [ '9.0.6' ] }
23 http cache create-vite@https://registry.npmjs.org/create-vite/-/create-vite-9.0.6.tgz 0ms (cache hit)
24 silly tarball no local data for create-vite@https://registry.npmjs.org/create-vite/-/create-vite-9.0.6.tgz. Extracting by manifest.
25 http fetch POST 200 https://registry.npmjs.org/-/npm/v1/security/advisories/bulk 242ms
26 silly audit report {}
27 http fetch GET 200 https://registry.npmjs.org/create-vite/-/create-vite-9.0.6.tgz 933ms (cache miss)
28 verbose cwd /Users/zhurong9/Documents/vibecoding-rosa
29 verbose os Darwin 24.5.0
30 verbose node v22.16.0
31 verbose npm  v10.9.2
32 verbose exit 0
33 info ok
